[07:45:27] [main/INFO]: Setting user: Player46
[07:45:33] [Client thread/INFO]: LWJGL Version: 2.9.1
[07:46:01] [Client thread/INFO]: Reloading ResourceManager: Default, FMLFileResourcePack:Forge Mod Loader, FMLFileResourcePack:Minecraft Forge, FMLFileResourcePack:Avid's Mod
[07:46:04] [Sound Library Loader/INFO]: Sound engine started
[07:46:23] [Client thread/INFO]: Created: 512x256 textures/blocks-atlas
[07:46:23] [Client thread/INFO]: Created: 256x256 textures/items-atlas
[07:46:24] [Client thread/INFO]: Reloading ResourceManager: Default, FMLFileResourcePack:Forge Mod Loader, FMLFileResourcePack:Minecraft Forge, FMLFileResourcePack:Avid's Mod
[07:46:25] [Client thread/INFO]: Created: 512x256 textures/blocks-atlas
[07:46:25] [Client thread/INFO]: Created: 256x256 textures/items-atlas
[07:46:27] [Sound Library Loader/INFO]: Sound engine started
[07:46:34] [Client thread/ERROR]: Exception reading .\saves\New World\level.dat
net.minecraft.util.ReportedException: Loading NBT data
	at net.minecraft.nbt.NBTTagCompound.func_152449_a(NBTTagCompound.java:501) ~[NBTTagCompound.class:?]
	at net.minecraft.nbt.NBTTagCompound.func_152446_a(NBTTagCompound.java:56) ~[NBTTagCompound.class:?]
	at net.minecraft.nbt.NBTTagList.func_152446_a(NBTTagList.java:57) ~[NBTTagList.class:?]
	at net.minecraft.nbt.NBTTagCompound.func_152449_a(NBTTagCompound.java:492) ~[NBTTagCompound.class:?]
	at net.minecraft.nbt.NBTTagCompound.func_152446_a(NBTTagCompound.java:56) ~[NBTTagCompound.class:?]
	at net.minecraft.nbt.NBTTagCompound.func_152449_a(NBTTagCompound.java:492) ~[NBTTagCompound.class:?]
	at net.minecraft.nbt.NBTTagCompound.func_152446_a(NBTTagCompound.java:56) ~[NBTTagCompound.class:?]
	at net.minecraft.nbt.CompressedStreamTools.func_152455_a(CompressedStreamTools.java:177) ~[CompressedStreamTools.class:?]
	at net.minecraft.nbt.CompressedStreamTools.func_152456_a(CompressedStreamTools.java:134) ~[CompressedStreamTools.class:?]
	at net.minecraft.nbt.CompressedStreamTools.readCompressed(CompressedStreamTools.java:37) ~[CompressedStreamTools.class:?]
	at net.minecraft.world.storage.SaveFormatOld.getWorldInfo(SaveFormatOld.java:82) [SaveFormatOld.class:?]
	at net.minecraft.world.chunk.storage.AnvilSaveConverter.getSaveList(AnvilSaveConverter.java:64) [AnvilSaveConverter.class:?]
	at net.minecraft.client.gui.GuiSelectWorld.func_146627_h(GuiSelectWorld.java:80) [GuiSelectWorld.class:?]
	at net.minecraft.client.gui.GuiSelectWorld.initGui(GuiSelectWorld.java:58) [GuiSelectWorld.class:?]
	at net.minecraft.client.gui.GuiScreen.setWorldAndResolution(GuiScreen.java:294) [GuiScreen.class:?]
	at net.minecraft.client.Minecraft.displayGuiScreen(Minecraft.java:854) [Minecraft.class:?]
	at net.minecraft.client.gui.GuiMainMenu.actionPerformed(GuiMainMenu.java:260) [GuiMainMenu.class:?]
	at net.minecraft.client.gui.GuiScreen.mouseClicked(GuiScreen.java:252) [GuiScreen.class:?]
	at net.minecraft.client.gui.GuiMainMenu.mouseClicked(GuiMainMenu.java:566) [GuiMainMenu.class:?]
	at net.minecraft.client.gui.GuiScreen.handleMouseInput(GuiScreen.java:344) [GuiScreen.class:?]
	at net.minecraft.client.gui.GuiScreen.handleInput(GuiScreen.java:313) [GuiScreen.class:?]
	at net.minecraft.client.Minecraft.runTick(Minecraft.java:1720) [Minecraft.class:?]
	at net.minecraft.client.Minecraft.runGameLoop(Minecraft.java:1028) [Minecraft.class:?]
	at net.minecraft.client.Minecraft.run(Minecraft.java:951) [Minecraft.class:?]
	at net.minecraft.client.main.Main.main(Main.java:164) [Main.class:?]
	at sun.reflect.NativeMethodAccessorImpl.invoke0(Native Method) ~[?:1.8.0_31]
	at sun.reflect.NativeMethodAccessorImpl.invoke(NativeMethodAccessorImpl.java:62) ~[?:1.8.0_31]
	at sun.reflect.DelegatingMethodAccessorImpl.invoke(DelegatingMethodAccessorImpl.java:43) ~[?:1.8.0_31]
	at java.lang.reflect.Method.invoke(Method.java:483) ~[?:1.8.0_31]
	at net.minecraft.launchwrapper.Launch.launch(Launch.java:135) [launchwrapper-1.11.jar:?]
	at net.minecraft.launchwrapper.Launch.main(Launch.java:28) [launchwrapper-1.11.jar:?]
	at net.minecraftforge.gradle.GradleStartCommon.launch(GradleStartCommon.java:85) [start/:?]
	at GradleStart.main(GradleStart.java:45) [start/:?]
	at sun.reflect.NativeMethodAccessorImpl.invoke0(Native Method) ~[?:1.8.0_31]
	at sun.reflect.NativeMethodAccessorImpl.invoke(NativeMethodAccessorImpl.java:62) ~[?:1.8.0_31]
	at sun.reflect.DelegatingMethodAccessorImpl.invoke(DelegatingMethodAccessorImpl.java:43) ~[?:1.8.0_31]
	at java.lang.reflect.Method.invoke(Method.java:483) ~[?:1.8.0_31]
	at com.intellij.rt.execution.application.AppMain.main(AppMain.java:134) [idea_rt.jar:?]
Caused by: java.util.zip.ZipException: invalid distance too far back
	at java.util.zip.InflaterInputStream.read(InflaterInputStream.java:164) ~[?:1.8.0_31]
	at java.util.zip.GZIPInputStream.read(GZIPInputStream.java:117) ~[?:1.8.0_31]
	at java.io.BufferedInputStream.fill(BufferedInputStream.java:246) ~[?:1.8.0_31]
	at java.io.BufferedInputStream.read1(BufferedInputStream.java:286) ~[?:1.8.0_31]
	at java.io.BufferedInputStream.read(BufferedInputStream.java:345) ~[?:1.8.0_31]
	at java.io.DataInputStream.readFully(DataInputStream.java:195) ~[?:1.8.0_31]
	at java.io.DataInputStream.readUTF(DataInputStream.java:609) ~[?:1.8.0_31]
	at java.io.DataInputStream.readUTF(DataInputStream.java:564) ~[?:1.8.0_31]
	at net.minecraft.nbt.NBTTagString.func_152446_a(NBTTagString.java:38) ~[NBTTagString.class:?]
	at net.minecraft.nbt.NBTTagCompound.func_152449_a(NBTTagCompound.java:492) ~[NBTTagCompound.class:?]
	... 37 more
[07:46:34] [Client thread/ERROR]: Exception reading .\saves\New World\level.dat_old
net.minecraft.util.ReportedException: Loading NBT data
	at net.minecraft.nbt.NBTTagCompound.func_152449_a(NBTTagCompound.java:501) ~[NBTTagCompound.class:?]
	at net.minecraft.nbt.NBTTagCompound.func_152446_a(NBTTagCompound.java:56) ~[NBTTagCompound.class:?]
	at net.minecraft.nbt.NBTTagList.func_152446_a(NBTTagList.java:57) ~[NBTTagList.class:?]
	at net.minecraft.nbt.NBTTagCompound.func_152449_a(NBTTagCompound.java:492) ~[NBTTagCompound.class:?]
	at net.minecraft.nbt.NBTTagCompound.func_152446_a(NBTTagCompound.java:56) ~[NBTTagCompound.class:?]
	at net.minecraft.nbt.NBTTagCompound.func_152449_a(NBTTagCompound.java:492) ~[NBTTagCompound.class:?]
	at net.minecraft.nbt.NBTTagCompound.func_152446_a(NBTTagCompound.java:56) ~[NBTTagCompound.class:?]
	at net.minecraft.nbt.CompressedStreamTools.func_152455_a(CompressedStreamTools.java:177) ~[CompressedStreamTools.class:?]
	at net.minecraft.nbt.CompressedStreamTools.func_152456_a(CompressedStreamTools.java:134) ~[CompressedStreamTools.class:?]
	at net.minecraft.nbt.CompressedStreamTools.readCompressed(CompressedStreamTools.java:37) ~[CompressedStreamTools.class:?]
	at net.minecraft.world.storage.SaveFormatOld.getWorldInfo(SaveFormatOld.java:98) [SaveFormatOld.class:?]
	at net.minecraft.world.chunk.storage.AnvilSaveConverter.getSaveList(AnvilSaveConverter.java:64) [AnvilSaveConverter.class:?]
	at net.minecraft.client.gui.GuiSelectWorld.func_146627_h(GuiSelectWorld.java:80) [GuiSelectWorld.class:?]
	at net.minecraft.client.gui.GuiSelectWorld.initGui(GuiSelectWorld.java:58) [GuiSelectWorld.class:?]
	at net.minecraft.client.gui.GuiScreen.setWorldAndResolution(GuiScreen.java:294) [GuiScreen.class:?]
	at net.minecraft.client.Minecraft.displayGuiScreen(Minecraft.java:854) [Minecraft.class:?]
	at net.minecraft.client.gui.GuiMainMenu.actionPerformed(GuiMainMenu.java:260) [GuiMainMenu.class:?]
	at net.minecraft.client.gui.GuiScreen.mouseClicked(GuiScreen.java:252) [GuiScreen.class:?]
	at net.minecraft.client.gui.GuiMainMenu.mouseClicked(GuiMainMenu.java:566) [GuiMainMenu.class:?]
	at net.minecraft.client.gui.GuiScreen.handleMouseInput(GuiScreen.java:344) [GuiScreen.class:?]
	at net.minecraft.client.gui.GuiScreen.handleInput(GuiScreen.java:313) [GuiScreen.class:?]
	at net.minecraft.client.Minecraft.runTick(Minecraft.java:1720) [Minecraft.class:?]
	at net.minecraft.client.Minecraft.runGameLoop(Minecraft.java:1028) [Minecraft.class:?]
	at net.minecraft.client.Minecraft.run(Minecraft.java:951) [Minecraft.class:?]
	at net.minecraft.client.main.Main.main(Main.java:164) [Main.class:?]
	at sun.reflect.NativeMethodAccessorImpl.invoke0(Native Method) ~[?:1.8.0_31]
	at sun.reflect.NativeMethodAccessorImpl.invoke(NativeMethodAccessorImpl.java:62) ~[?:1.8.0_31]
	at sun.reflect.DelegatingMethodAccessorImpl.invoke(DelegatingMethodAccessorImpl.java:43) ~[?:1.8.0_31]
	at java.lang.reflect.Method.invoke(Method.java:483) ~[?:1.8.0_31]
	at net.minecraft.launchwrapper.Launch.launch(Launch.java:135) [launchwrapper-1.11.jar:?]
	at net.minecraft.launchwrapper.Launch.main(Launch.java:28) [launchwrapper-1.11.jar:?]
	at net.minecraftforge.gradle.GradleStartCommon.launch(GradleStartCommon.java:85) [start/:?]
	at GradleStart.main(GradleStart.java:45) [start/:?]
	at sun.reflect.NativeMethodAccessorImpl.invoke0(Native Method) ~[?:1.8.0_31]
	at sun.reflect.NativeMethodAccessorImpl.invoke(NativeMethodAccessorImpl.java:62) ~[?:1.8.0_31]
	at sun.reflect.DelegatingMethodAccessorImpl.invoke(DelegatingMethodAccessorImpl.java:43) ~[?:1.8.0_31]
	at java.lang.reflect.Method.invoke(Method.java:483) ~[?:1.8.0_31]
	at com.intellij.rt.execution.application.AppMain.main(AppMain.java:134) [idea_rt.jar:?]
Caused by: java.util.zip.ZipException: invalid distance too far back
	at java.util.zip.InflaterInputStream.read(InflaterInputStream.java:164) ~[?:1.8.0_31]
	at java.util.zip.GZIPInputStream.read(GZIPInputStream.java:117) ~[?:1.8.0_31]
	at java.io.BufferedInputStream.fill(BufferedInputStream.java:246) ~[?:1.8.0_31]
	at java.io.BufferedInputStream.read1(BufferedInputStream.java:286) ~[?:1.8.0_31]
	at java.io.BufferedInputStream.read(BufferedInputStream.java:345) ~[?:1.8.0_31]
	at java.io.DataInputStream.readFully(DataInputStream.java:195) ~[?:1.8.0_31]
	at java.io.DataInputStream.readUTF(DataInputStream.java:609) ~[?:1.8.0_31]
	at java.io.DataInputStream.readUTF(DataInputStream.java:564) ~[?:1.8.0_31]
	at net.minecraft.nbt.NBTTagString.func_152446_a(NBTTagString.java:38) ~[NBTTagString.class:?]
	at net.minecraft.nbt.NBTTagCompound.func_152449_a(NBTTagCompound.java:492) ~[NBTTagCompound.class:?]
	... 37 more
[07:46:35] [Client thread/ERROR]: Exception reading .\saves\New World\level.dat
net.minecraft.util.ReportedException: Loading NBT data
	at net.minecraft.nbt.NBTTagCompound.func_152449_a(NBTTagCompound.java:501) ~[NBTTagCompound.class:?]
	at net.minecraft.nbt.NBTTagCompound.func_152446_a(NBTTagCompound.java:56) ~[NBTTagCompound.class:?]
	at net.minecraft.nbt.NBTTagList.func_152446_a(NBTTagList.java:57) ~[NBTTagList.class:?]
	at net.minecraft.nbt.NBTTagCompound.func_152449_a(NBTTagCompound.java:492) ~[NBTTagCompound.class:?]
	at net.minecraft.nbt.NBTTagCompound.func_152446_a(NBTTagCompound.java:56) ~[NBTTagCompound.class:?]
	at net.minecraft.nbt.NBTTagCompound.func_152449_a(NBTTagCompound.java:492) ~[NBTTagCompound.class:?]
	at net.minecraft.nbt.NBTTagCompound.func_152446_a(NBTTagCompound.java:56) ~[NBTTagCompound.class:?]
	at net.minecraft.nbt.CompressedStreamTools.func_152455_a(CompressedStreamTools.java:177) ~[CompressedStreamTools.class:?]
	at net.minecraft.nbt.CompressedStreamTools.func_152456_a(CompressedStreamTools.java:134) ~[CompressedStreamTools.class:?]
	at net.minecraft.nbt.CompressedStreamTools.readCompressed(CompressedStreamTools.java:37) ~[CompressedStreamTools.class:?]
	at net.minecraft.world.storage.SaveFormatOld.getWorldInfo(SaveFormatOld.java:82) [SaveFormatOld.class:?]
	at net.minecraft.client.gui.GuiCreateWorld.func_146317_a(GuiCreateWorld.java:169) [GuiCreateWorld.class:?]
	at net.minecraft.client.gui.GuiCreateWorld.func_146314_g(GuiCreateWorld.java:110) [GuiCreateWorld.class:?]
	at net.minecraft.client.gui.GuiCreateWorld.initGui(GuiCreateWorld.java:89) [GuiCreateWorld.class:?]
	at net.minecraft.client.gui.GuiScreen.setWorldAndResolution(GuiScreen.java:294) [GuiScreen.class:?]
	at net.minecraft.client.Minecraft.displayGuiScreen(Minecraft.java:854) [Minecraft.class:?]
	at net.minecraft.client.gui.GuiSelectWorld.actionPerformed(GuiSelectWorld.java:137) [GuiSelectWorld.class:?]
	at net.minecraft.client.gui.GuiScreen.mouseClicked(GuiScreen.java:252) [GuiScreen.class:?]
	at net.minecraft.client.gui.GuiScreen.handleMouseInput(GuiScreen.java:344) [GuiScreen.class:?]
	at net.minecraft.client.gui.GuiScreen.handleInput(GuiScreen.java:313) [GuiScreen.class:?]
	at net.minecraft.client.Minecraft.runTick(Minecraft.java:1720) [Minecraft.class:?]
	at net.minecraft.client.Minecraft.runGameLoop(Minecraft.java:1028) [Minecraft.class:?]
	at net.minecraft.client.Minecraft.run(Minecraft.java:951) [Minecraft.class:?]
	at net.minecraft.client.main.Main.main(Main.java:164) [Main.class:?]
	at sun.reflect.NativeMethodAccessorImpl.invoke0(Native Method) ~[?:1.8.0_31]
	at sun.reflect.NativeMethodAccessorImpl.invoke(NativeMethodAccessorImpl.java:62) ~[?:1.8.0_31]
	at sun.reflect.DelegatingMethodAccessorImpl.invoke(DelegatingMethodAccessorImpl.java:43) ~[?:1.8.0_31]
	at java.lang.reflect.Method.invoke(Method.java:483) ~[?:1.8.0_31]
	at net.minecraft.launchwrapper.Launch.launch(Launch.java:135) [launchwrapper-1.11.jar:?]
	at net.minecraft.launchwrapper.Launch.main(Launch.java:28) [launchwrapper-1.11.jar:?]
	at net.minecraftforge.gradle.GradleStartCommon.launch(GradleStartCommon.java:85) [start/:?]
	at GradleStart.main(GradleStart.java:45) [start/:?]
	at sun.reflect.NativeMethodAccessorImpl.invoke0(Native Method) ~[?:1.8.0_31]
	at sun.reflect.NativeMethodAccessorImpl.invoke(NativeMethodAccessorImpl.java:62) ~[?:1.8.0_31]
	at sun.reflect.DelegatingMethodAccessorImpl.invoke(DelegatingMethodAccessorImpl.java:43) ~[?:1.8.0_31]
	at java.lang.reflect.Method.invoke(Method.java:483) ~[?:1.8.0_31]
	at com.intellij.rt.execution.application.AppMain.main(AppMain.java:134) [idea_rt.jar:?]
Caused by: java.util.zip.ZipException: invalid distance too far back
	at java.util.zip.InflaterInputStream.read(InflaterInputStream.java:164) ~[?:1.8.0_31]
	at java.util.zip.GZIPInputStream.read(GZIPInputStream.java:117) ~[?:1.8.0_31]
	at java.io.BufferedInputStream.fill(BufferedInputStream.java:246) ~[?:1.8.0_31]
	at java.io.BufferedInputStream.read1(BufferedInputStream.java:286) ~[?:1.8.0_31]
	at java.io.BufferedInputStream.read(BufferedInputStream.java:345) ~[?:1.8.0_31]
	at java.io.DataInputStream.readFully(DataInputStream.java:195) ~[?:1.8.0_31]
	at java.io.DataInputStream.readUTF(DataInputStream.java:609) ~[?:1.8.0_31]
	at java.io.DataInputStream.readUTF(DataInputStream.java:564) ~[?:1.8.0_31]
	at net.minecraft.nbt.NBTTagString.func_152446_a(NBTTagString.java:38) ~[NBTTagString.class:?]
	at net.minecraft.nbt.NBTTagCompound.func_152449_a(NBTTagCompound.java:492) ~[NBTTagCompound.class:?]
	... 36 more
[07:46:35] [Client thread/ERROR]: Exception reading .\saves\New World\level.dat_old
net.minecraft.util.ReportedException: Loading NBT data
	at net.minecraft.nbt.NBTTagCompound.func_152449_a(NBTTagCompound.java:501) ~[NBTTagCompound.class:?]
	at net.minecraft.nbt.NBTTagCompound.func_152446_a(NBTTagCompound.java:56) ~[NBTTagCompound.class:?]
	at net.minecraft.nbt.NBTTagList.func_152446_a(NBTTagList.java:57) ~[NBTTagList.class:?]
	at net.minecraft.nbt.NBTTagCompound.func_152449_a(NBTTagCompound.java:492) ~[NBTTagCompound.class:?]
	at net.minecraft.nbt.NBTTagCompound.func_152446_a(NBTTagCompound.java:56) ~[NBTTagCompound.class:?]
	at net.minecraft.nbt.NBTTagCompound.func_152449_a(NBTTagCompound.java:492) ~[NBTTagCompound.class:?]
	at net.minecraft.nbt.NBTTagCompound.func_152446_a(NBTTagCompound.java:56) ~[NBTTagCompound.class:?]
	at net.minecraft.nbt.CompressedStreamTools.func_152455_a(CompressedStreamTools.java:177) ~[CompressedStreamTools.class:?]
	at net.minecraft.nbt.CompressedStreamTools.func_152456_a(CompressedStreamTools.java:134) ~[CompressedStreamTools.class:?]
	at net.minecraft.nbt.CompressedStreamTools.readCompressed(CompressedStreamTools.java:37) ~[CompressedStreamTools.class:?]
	at net.minecraft.world.storage.SaveFormatOld.getWorldInfo(SaveFormatOld.java:98) [SaveFormatOld.class:?]
	at net.minecraft.client.gui.GuiCreateWorld.func_146317_a(GuiCreateWorld.java:169) [GuiCreateWorld.class:?]
	at net.minecraft.client.gui.GuiCreateWorld.func_146314_g(GuiCreateWorld.java:110) [GuiCreateWorld.class:?]
	at net.minecraft.client.gui.GuiCreateWorld.initGui(GuiCreateWorld.java:89) [GuiCreateWorld.class:?]
	at net.minecraft.client.gui.GuiScreen.setWorldAndResolution(GuiScreen.java:294) [GuiScreen.class:?]
	at net.minecraft.client.Minecraft.displayGuiScreen(Minecraft.java:854) [Minecraft.class:?]
	at net.minecraft.client.gui.GuiSelectWorld.actionPerformed(GuiSelectWorld.java:137) [GuiSelectWorld.class:?]
	at net.minecraft.client.gui.GuiScreen.mouseClicked(GuiScreen.java:252) [GuiScreen.class:?]
	at net.minecraft.client.gui.GuiScreen.handleMouseInput(GuiScreen.java:344) [GuiScreen.class:?]
	at net.minecraft.client.gui.GuiScreen.handleInput(GuiScreen.java:313) [GuiScreen.class:?]
	at net.minecraft.client.Minecraft.runTick(Minecraft.java:1720) [Minecraft.class:?]
	at net.minecraft.client.Minecraft.runGameLoop(Minecraft.java:1028) [Minecraft.class:?]
	at net.minecraft.client.Minecraft.run(Minecraft.java:951) [Minecraft.class:?]
	at net.minecraft.client.main.Main.main(Main.java:164) [Main.class:?]
	at sun.reflect.NativeMethodAccessorImpl.invoke0(Native Method) ~[?:1.8.0_31]
	at sun.reflect.NativeMethodAccessorImpl.invoke(NativeMethodAccessorImpl.java:62) ~[?:1.8.0_31]
	at sun.reflect.DelegatingMethodAccessorImpl.invoke(DelegatingMethodAccessorImpl.java:43) ~[?:1.8.0_31]
	at java.lang.reflect.Method.invoke(Method.java:483) ~[?:1.8.0_31]
	at net.minecraft.launchwrapper.Launch.launch(Launch.java:135) [launchwrapper-1.11.jar:?]
	at net.minecraft.launchwrapper.Launch.main(Launch.java:28) [launchwrapper-1.11.jar:?]
	at net.minecraftforge.gradle.GradleStartCommon.launch(GradleStartCommon.java:85) [start/:?]
	at GradleStart.main(GradleStart.java:45) [start/:?]
	at sun.reflect.NativeMethodAccessorImpl.invoke0(Native Method) ~[?:1.8.0_31]
	at sun.reflect.NativeMethodAccessorImpl.invoke(NativeMethodAccessorImpl.java:62) ~[?:1.8.0_31]
	at sun.reflect.DelegatingMethodAccessorImpl.invoke(DelegatingMethodAccessorImpl.java:43) ~[?:1.8.0_31]
	at java.lang.reflect.Method.invoke(Method.java:483) ~[?:1.8.0_31]
	at com.intellij.rt.execution.application.AppMain.main(AppMain.java:134) [idea_rt.jar:?]
Caused by: java.util.zip.ZipException: invalid distance too far back
	at java.util.zip.InflaterInputStream.read(InflaterInputStream.java:164) ~[?:1.8.0_31]
	at java.util.zip.GZIPInputStream.read(GZIPInputStream.java:117) ~[?:1.8.0_31]
	at java.io.BufferedInputStream.fill(BufferedInputStream.java:246) ~[?:1.8.0_31]
	at java.io.BufferedInputStream.read1(BufferedInputStream.java:286) ~[?:1.8.0_31]
	at java.io.BufferedInputStream.read(BufferedInputStream.java:345) ~[?:1.8.0_31]
	at java.io.DataInputStream.readFully(DataInputStream.java:195) ~[?:1.8.0_31]
	at java.io.DataInputStream.readUTF(DataInputStream.java:609) ~[?:1.8.0_31]
	at java.io.DataInputStream.readUTF(DataInputStream.java:564) ~[?:1.8.0_31]
	at net.minecraft.nbt.NBTTagString.func_152446_a(NBTTagString.java:38) ~[NBTTagString.class:?]
	at net.minecraft.nbt.NBTTagCompound.func_152449_a(NBTTagCompound.java:492) ~[NBTTagCompound.class:?]
	... 36 more
[07:46:47] [Server thread/INFO]: Starting integrated minecraft server version 1.7.10
[07:46:47] [Server thread/INFO]: Generating keypair
[07:46:47] [Server thread/INFO]: Converting map!
[07:46:47] [Server thread/INFO]: Scanning folders...
[07:46:47] [Server thread/INFO]: Total conversion count is 0
[07:46:47] [Server thread/WARN]: Unable to create level.dat_mcr backup
[07:46:49] [Server thread/INFO]: Preparing start region for level 0
[07:46:50] [Server thread/INFO]: Preparing spawn area: 2%
[07:46:51] [Server thread/INFO]: Preparing spawn area: 4%
[07:46:52] [Server thread/INFO]: Preparing spawn area: 7%
[07:46:53] [Server thread/INFO]: Preparing spawn area: 9%
[07:46:54] [Server thread/INFO]: Preparing spawn area: 12%
[07:46:55] [Server thread/INFO]: Preparing spawn area: 15%
[07:46:56] [Server thread/INFO]: Preparing spawn area: 20%
[07:46:57] [Server thread/INFO]: Preparing spawn area: 24%
[07:46:58] [Server thread/INFO]: Preparing spawn area: 29%
[07:46:59] [Server thread/INFO]: Preparing spawn area: 33%
[07:47:00] [Server thread/INFO]: Preparing spawn area: 38%
[07:47:01] [Server thread/INFO]: Preparing spawn area: 42%
[07:47:02] [Server thread/INFO]: Preparing spawn area: 47%
[07:47:04] [Server thread/INFO]: Preparing spawn area: 51%
[07:47:05] [Server thread/INFO]: Preparing spawn area: 56%
[07:47:06] [Server thread/INFO]: Preparing spawn area: 62%
[07:47:07] [Server thread/INFO]: Preparing spawn area: 66%
[07:47:08] [Server thread/INFO]: Changing view distance to 12, from 10
[07:47:26] [Server thread/INFO]: Stopping server
[07:47:26] [Server thread/INFO]: Saving players
[07:47:26] [Server thread/INFO]: Saving worlds
[07:47:26] [Server thread/INFO]: Saving chunks for level 'New World'/Overworld
[07:47:26] [Server thread/INFO]: Saving chunks for level 'New World'/Nether
[07:47:26] [Server thread/INFO]: Saving chunks for level 'New World'/The End
[07:47:30] [Server thread/INFO]: Starting integrated minecraft server version 1.7.10
[07:47:30] [Server thread/INFO]: Generating keypair
[07:47:31] [Server thread/INFO]: Preparing start region for level 0
[07:47:32] [Server thread/INFO]: Preparing spawn area: 40%
[07:47:33] [Server thread/INFO]: Changing view distance to 12, from 10
[07:47:34] [Server thread/INFO]: Player46[local:E:5199bb05] logged in with entity id 2246 at (-68.5, 65.0, 262.5)
[07:47:34] [Server thread/INFO]: Player46 joined the game
[07:47:42] [Server thread/INFO]: Player46 has just earned the achievement [Taking Inventory]
[07:47:42] [Client thread/INFO]: [CHAT] Player46 has just earned the achievement [Taking Inventory]
[07:47:46] [Server thread/WARN]: Can't keep up! Did the system time change, or is the server overloaded? Running 10817ms behind, skipping 216 tick(s)
[07:47:47] [Client thread/INFO]: Warning: Clientside chunk ticking took 127 ms
[07:48:14] [Server thread/INFO]: [Player46: Set own game mode to Survival Mode]
[07:48:14] [Client thread/INFO]: [CHAT] Your game mode has been updated
[07:48:22] [Server thread/WARN]: Can't keep up! Did the system time change, or is the server overloaded? Running 26840ms behind, skipping 536 tick(s)
[07:48:25] [Client thread/INFO]: Warning: Clientside chunk ticking took 208 ms
[07:48:27] [Server thread/WARN]: Can't keep up! Did the system time change, or is the server overloaded? Running 5043ms behind, skipping 100 tick(s)
[07:48:56] [Server thread/WARN]: Can't keep up! Did the system time change, or is the server overloaded? Running 17094ms behind, skipping 341 tick(s)
[07:49:00] [Server thread/WARN]: Can't keep up! Did the system time change, or is the server overloaded? Running 3622ms behind, skipping 72 tick(s)
[07:49:00] [Server thread/INFO]: Saving and pausing game...
[07:49:00] [Server thread/INFO]: Saving chunks for level 'New World'/Overworld
[07:49:01] [Server thread/INFO]: Saving chunks for level 'New World'/Nether
[07:49:01] [Server thread/INFO]: Saving chunks for level 'New World'/The End
[07:49:01] [Server thread/INFO]: Stopping server
[07:49:01] [Server thread/INFO]: Saving players
[07:49:02] [Server thread/INFO]: Saving worlds
[07:49:02] [Server thread/INFO]: Saving chunks for level 'New World'/Overworld
[07:49:02] [Server thread/INFO]: Saving chunks for level 'New World'/Nether
[07:49:02] [Server thread/INFO]: Saving chunks for level 'New World'/The End
[07:49:10] [Client thread/INFO]: Stopping!
